<?xml version="1.0" encoding="UTF-8" ?>
<testsuite tests="7" failures="1" name="TestSuite" time="34.043" errors="0" skipped="0">
  <properties>
[...]
</properties>
  <testcase classname="tech.credify.tests.web.AccountCreationPageTest" name="createAccountTest" time="13.761"/>
  <testcase classname="tech.credify.tests.web.LoginPageTest" name="loginWithCorrectCredentials" time="6.135"/>
  <testcase classname="tech.credify.tests.web.NonDMFunnelPageTest" name="getRateTest" time="0.559"/>
  <testcase classname="tech.credify.tests.rest.EligibleStatesTest" name="testAPIServiceUP" time="1.579"/>
  <testcase classname="tech.credify.tests.rest.EligibleStatesTest" name="validateEligibleStatesNumber" time="1.069"/>
  <testcase classname="tech.credify.tests.rest.EligibleStatesTest" name="validateOnlyOneStateHasMinLoanAmount3005" time="0.547"/>
  <testcase classname="tech.credify.tests.web.PersonalOfferHomePageTest" name="personalOfferDetailsValidationTest" time="10.393">
    <failure message="element click intercepted: Element &lt;a class=&quot;header-nav-menu__link&quot; href=&quot;/phone/logout&quot;&gt;...&lt;/a&gt; is not clickable at point (1385, 140). Other element would receive the click: &lt;li class=&quot;header-nav-menu__item&quot;&gt;...&lt;/li&gt;
  (Session info: chrome=76.0.3809.100)
Build info: version: &apos;3.141.59&apos;, revision: &apos;e82be7d358&apos;, time: &apos;2018-11-14T08:17:03&apos;
System info: host: &apos;Yans-MacBook-Pro.local&apos;, ip: &apos;fe80:0:0:0:45a:8839:f5b:46c4%en0&apos;, os.name: &apos;Mac OS X&apos;, os.arch: &apos;x86_64&apos;, os.version: &apos;10.13.6&apos;, java.version: &apos;1.8.0_171&apos;
Driver info: org.openqa.selenium.chrome.ChromeDriver
Capabilities {acceptInsecureCerts: false, browserName: chrome, browserVersion: 76.0.3809.100, chrome: {chromedriverVersion: 76.0.3809.68 (420c9498db8ce..., userDataDir: /var/folders/x0/qr5fkvx56g7...}, goog:chromeOptions: {debuggerAddress: localhost:59715}, javascriptEnabled: true, networkConnectionEnabled: false, pageLoadStrategy: normal, platform: MAC, platformName: MAC, proxy: Proxy(), setWindowRect: true, strictFileInteractability: false, timeouts: {implicit: 0, pageLoad: 300000, script: 30000}, unhandledPromptBehavior: dismiss and notify}
Session ID: 97cf6536ad3c50e9753985283753dbec" type="org.openqa.selenium.ElementClickInterceptedException">org.openqa.selenium.ElementClickInterceptedException: element click intercepted: Element &lt;a class=&quot;header-nav-menu__link&quot; href=&quot;/phone/logout&quot;&gt;...&lt;/a&gt; is not clickable at point (1385, 140). Other element would receive the click: &lt;li class=&quot;header-nav-menu__item&quot;&gt;...&lt;/li&gt;
  (Session info: chrome=76.0.3809.100)
Build info: version: &apos;3.141.59&apos;, revision: &apos;e82be7d358&apos;, time: &apos;2018-11-14T08:17:03&apos;
System info: host: &apos;Yans-MacBook-Pro.local&apos;, ip: &apos;fe80:0:0:0:45a:8839:f5b:46c4%en0&apos;, os.name: &apos;Mac OS X&apos;, os.arch: &apos;x86_64&apos;, os.version: &apos;10.13.6&apos;, java.version: &apos;1.8.0_171&apos;
Driver info: org.openqa.selenium.chrome.ChromeDriver
Capabilities {acceptInsecureCerts: false, browserName: chrome, browserVersion: 76.0.3809.100, chrome: {chromedriverVersion: 76.0.3809.68 (420c9498db8ce..., userDataDir: /var/folders/x0/qr5fkvx56g7...}, goog:chromeOptions: {debuggerAddress: localhost:59715}, javascriptEnabled: true, networkConnectionEnabled: false, pageLoadStrategy: normal, platform: MAC, platformName: MAC, proxy: Proxy(), setWindowRect: true, strictFileInteractability: false, timeouts: {implicit: 0, pageLoad: 300000, script: 30000}, unhandledPromptBehavior: dismiss and notify}
Session ID: 97cf6536ad3c50e9753985283753dbec
	at sun.reflect.NativeConstructorAccessorImpl.newInstance0(Native Method)
	at sun.reflect.NativeConstructorAccessorImpl.newInstance(NativeConstructorAccessorImpl.java:62)
	at sun.reflect.DelegatingConstructorAccessorImpl.newInstance(DelegatingConstructorAccessorImpl.java:45)
	at java.lang.reflect.Constructor.newInstance(Constructor.java:423)
	at org.openqa.selenium.remote.http.W3CHttpResponseCodec.createException(W3CHttpResponseCodec.java:187)
	at org.openqa.selenium.remote.http.W3CHttpResponseCodec.decode(W3CHttpResponseCodec.java:122)
	at org.openqa.selenium.remote.http.W3CHttpResponseCodec.decode(W3CHttpResponseCodec.java:49)
	at org.openqa.selenium.remote.HttpCommandExecutor.execute(HttpCommandExecutor.java:158)
	at org.openqa.selenium.remote.service.DriverCommandExecutor.execute(DriverCommandExecutor.java:83)
	at org.openqa.selenium.remote.RemoteWebDriver.execute(RemoteWebDriver.java:552)
	at org.openqa.selenium.remote.RemoteWebElement.execute(RemoteWebElement.java:285)
	at org.openqa.selenium.remote.RemoteWebElement.click(RemoteWebElement.java:84)
	at sun.reflect.NativeMethodAccessorImpl.invoke0(Native Method)
	at sun.reflect.NativeMethodAccessorImpl.invoke(NativeMethodAccessorImpl.java:62)
	at sun.reflect.DelegatingMethodAccessorImpl.invoke(DelegatingMethodAccessorImpl.java:43)
	at java.lang.reflect.Method.invoke(Method.java:498)
	at org.openqa.selenium.support.events.EventFiringWebDriver$EventFiringWebElement.lambda$new$0(EventFiringWebDriver.java:404)
	at com.sun.proxy.$Proxy11.click(Unknown Source)
	at org.openqa.selenium.support.events.EventFiringWebDriver$EventFiringWebElement.click(EventFiringWebDriver.java:417)
	at sun.reflect.NativeMethodAccessorImpl.invoke0(Native Method)
	at sun.reflect.NativeMethodAccessorImpl.invoke(NativeMethodAccessorImpl.java:62)
	at sun.reflect.DelegatingMethodAccessorImpl.invoke(DelegatingMethodAccessorImpl.java:43)
	at java.lang.reflect.Method.invoke(Method.java:498)
	at org.openqa.selenium.support.pagefactory.internal.LocatingElementHandler.invoke(LocatingElementHandler.java:51)
	at com.sun.proxy.$Proxy10.click(Unknown Source)
	at tech.credify.pages.PersonalOfferHomePage.logout(PersonalOfferHomePage.java:73)
	at tech.credify.tests.web.PersonalOfferHomePageTest.personalOfferDetailsValidationTest(PersonalOfferHomePageTest.java:60)
</failure>
    <system-out>2,000
$67.74
13.36% Interest Rate
36 Month Term
16.99% APR (more info)
Before navigating to: &apos;https://www.credify.tech/portal/login&apos;
Navigated to:&apos;https://www.credify.tech/portal/login&apos;
Trying to find Element By : By.xpath: //input[@name = &apos;username&apos;]
Found Element By : By.xpath: //input[@name = &apos;username&apos;]
Trying to find Element By : By.xpath: //input[@name = &apos;password&apos;]
Found Element By : By.xpath: //input[@name = &apos;password&apos;]
Trying to find Element By : By.xpath: //button[@type = &apos;submit&apos;]
Found Element By : By.xpath: //button[@type = &apos;submit&apos;]
Trying to find Element By : By.xpath: //span[@data-auto = &apos;userLoanAmount&apos;]
Found Element By : By.xpath: //span[@data-auto = &apos;userLoanAmount&apos;]
Trying to find Element By : By.xpath: //span[@data-auto = &apos;defaultMonthlyPayment&apos;]
Found Element By : By.xpath: //span[@data-auto = &apos;defaultMonthlyPayment&apos;]
Trying to find Element By : By.xpath: //div[@data-auto = &apos;defaultLoanInterestRate&apos;]
Found Element By : By.xpath: //div[@data-auto = &apos;defaultLoanInterestRate&apos;]
Trying to find Element By : By.xpath: //div[@data-auto = &apos;defaultLoanTerm&apos;]
Found Element By : By.xpath: //div[@data-auto = &apos;defaultLoanTerm&apos;]
Trying to find Element By : By.xpath: //div[@data-auto = &apos;defaultMoreInfoAPR&apos;]/div
Found Element By : By.xpath: //div[@data-auto = &apos;defaultMoreInfoAPR&apos;]/div
Trying to find Element By : By.xpath: //div[@class = &apos;header-nav&apos;]
Found Element By : By.xpath: //div[@class = &apos;header-nav&apos;]
Trying to click on: [[ChromeDriver: chrome on MAC (97cf6536ad3c50e9753985283753dbec)] -&gt; xpath: //div[@class = &apos;header-nav&apos;]]
Clicked on: [[ChromeDriver: chrome on MAC (97cf6536ad3c50e9753985283753dbec)] -&gt; xpath: //div[@class = &apos;header-nav&apos;]]
Trying to find Element By : By.cssSelector: a[href=&apos;/phone/logout&apos;]
Found Element By : By.cssSelector: a[href=&apos;/phone/logout&apos;]
Trying to click on: [[ChromeDriver: chrome on MAC (97cf6536ad3c50e9753985283753dbec)] -&gt; css selector: a[href=&apos;/phone/logout&apos;]]
Exception occured: org.openqa.selenium.ElementClickInterceptedException: element click intercepted: Element &lt;a class=&quot;header-nav-menu__link&quot; href=&quot;/phone/logout&quot;&gt;...&lt;/a&gt; is not clickable at point (1385, 140). Other element would receive the click: &lt;li class=&quot;header-nav-menu__item&quot;&gt;...&lt;/li&gt;
  (Session info: chrome=76.0.3809.100)
Build info: version: &apos;3.141.59&apos;, revision: &apos;e82be7d358&apos;, time: &apos;2018-11-14T08:17:03&apos;
System info: host: &apos;Yans-MacBook-Pro.local&apos;, ip: &apos;fe80:0:0:0:45a:8839:f5b:46c4%en0&apos;, os.name: &apos;Mac OS X&apos;, os.arch: &apos;x86_64&apos;, os.version: &apos;10.13.6&apos;, java.version: &apos;1.8.0_171&apos;
Driver info: org.openqa.selenium.chrome.ChromeDriver
Capabilities {acceptInsecureCerts: false, browserName: chrome, browserVersion: 76.0.3809.100, chrome: {chromedriverVersion: 76.0.3809.68 (420c9498db8ce..., userDataDir: /var/folders/x0/qr5fkvx56g7...}, goog:chromeOptions: {debuggerAddress: localhost:59715}, javascriptEnabled: true, networkConnectionEnabled: false, pageLoadStrategy: normal, platform: MAC, platformName: MAC, proxy: Proxy(), setWindowRect: true, strictFileInteractability: false, timeouts: {implicit: 0, pageLoad: 300000, script: 30000}, unhandledPromptBehavior: dismiss and notify}
Session ID: 97cf6536ad3c50e9753985283753dbec
</system-out>
    <system-err>Starting ChromeDriver 76.0.3809.68 (420c9498db8ce8fcd190a954d51297672c1515d5-refs/branch-heads/3809@{#864}) on port 34992
Only local connections are allowed.
Please protect ports used by ChromeDriver and related test frameworks to prevent access by malicious code.
Aug 26, 2019 12:55:29 PM org.openqa.selenium.remote.ProtocolHandshake createSession
INFO: Detected dialect: W3C
</system-err>
  </testcase>
</testsuite>