<?xml version="1.0" encoding="UTF-8"?>
<testng-results skipped="0" failed="1" ignored="0" total="7" passed="6">
  <reporter-output>
  </reporter-output>
  <suite name="Command line suite" duration-ms="53556" started-at="2019-08-26T16:54:49Z" finished-at="2019-08-26T16:55:43Z">
    <groups>
    </groups>
    <test name="Command line test" duration-ms="53556" started-at="2019-08-26T16:54:49Z" finished-at="2019-08-26T16:55:43Z">
      <class name="tech.credify.tests.web.LoginPageTest">
        <test-method status="PASS" signature="setUp()[pri:0, instance:tech.credify.tests.web.LoginPageTest@6f7fd0e6]" name="setUp" is-config="true" duration-ms="2966" started-at="2019-08-26T16:55:09Z" finished-at="2019-08-26T16:55:12Z">
          <reporter-output>
          </reporter-output>
        </test-method> <!-- setUp -->
        <test-method status="PASS" signature="loginWithCorrectCredentials()[pri:0, instance:tech.credify.tests.web.LoginPageTest@6f7fd0e6]" name="loginWithCorrectCredentials" duration-ms="6134" started-at="2019-08-26T16:55:12Z" finished-at="2019-08-26T16:55:18Z">
          <reporter-output>
          </reporter-output>
        </test-method> <!-- loginWithCorrectCredentials -->
        <test-method status="PASS" signature="tearDown()[pri:0, instance:tech.credify.tests.web.LoginPageTest@6f7fd0e6]" name="tearDown" is-config="true" duration-ms="176" started-at="2019-08-26T16:55:18Z" finished-at="2019-08-26T16:55:19Z">
          <reporter-output>
          </reporter-output>
        </test-method> <!-- tearDown -->
      </class> <!-- tech.credify.tests.web.LoginPageTest -->
      <class name="tech.credify.tests.web.NonDMFunnelPageTest">
        <test-method status="PASS" signature="setUp()[pri:0, instance:tech.credify.tests.web.NonDMFunnelPageTest@47c62251]" name="setUp" is-config="true" duration-ms="5390" started-at="2019-08-26T16:55:19Z" finished-at="2019-08-26T16:55:24Z">
          <reporter-output>
          </reporter-output>
        </test-method> <!-- setUp -->
        <test-method status="PASS" signature="getRateTest()[pri:0, instance:tech.credify.tests.web.NonDMFunnelPageTest@47c62251]" name="getRateTest" duration-ms="558" started-at="2019-08-26T16:55:24Z" finished-at="2019-08-26T16:55:25Z">
          <reporter-output>
          </reporter-output>
        </test-method> <!-- getRateTest -->
        <test-method status="PASS" signature="tearDown()[pri:0, instance:tech.credify.tests.web.NonDMFunnelPageTest@47c62251]" name="tearDown" is-config="true" duration-ms="187" started-at="2019-08-26T16:55:25Z" finished-at="2019-08-26T16:55:25Z">
          <reporter-output>
          </reporter-output>
        </test-method> <!-- tearDown -->
      </class> <!-- tech.credify.tests.web.NonDMFunnelPageTest -->
      <class name="tech.credify.tests.rest.EligibleStatesTest">
        <test-method status="PASS" signature="testAPIServiceUP()[pri:0, instance:tech.credify.tests.rest.EligibleStatesTest@3e6fa38a]" name="testAPIServiceUP" duration-ms="1578" started-at="2019-08-26T16:55:25Z" finished-at="2019-08-26T16:55:26Z">
          <reporter-output>
          </reporter-output>
        </test-method> <!-- testAPIServiceUP -->
        <test-method status="PASS" signature="validateEligibleStatesNumber()[pri:0, instance:tech.credify.tests.rest.EligibleStatesTest@3e6fa38a]" name="validateEligibleStatesNumber" duration-ms="1069" started-at="2019-08-26T16:55:26Z" finished-at="2019-08-26T16:55:27Z">
          <reporter-output>
          </reporter-output>
        </test-method> <!-- validateEligibleStatesNumber -->
        <test-method status="PASS" signature="validateOnlyOneStateHasMinLoanAmount3005()[pri:0, instance:tech.credify.tests.rest.EligibleStatesTest@3e6fa38a]" name="validateOnlyOneStateHasMinLoanAmount3005" duration-ms="547" started-at="2019-08-26T16:55:27Z" finished-at="2019-08-26T16:55:28Z">
          <reporter-output>
          </reporter-output>
        </test-method> <!-- validateOnlyOneStateHasMinLoanAmount3005 -->
      </class> <!-- tech.credify.tests.rest.EligibleStatesTest -->
      <class name="tech.credify.tests.web.PersonalOfferHomePageTest">
        <test-method status="PASS" signature="setup()[pri:0, instance:tech.credify.tests.web.PersonalOfferHomePageTest@59f99ea]" name="setup" is-config="true" duration-ms="4388" started-at="2019-08-26T16:55:28Z" finished-at="2019-08-26T16:55:32Z">
          <reporter-output>
          </reporter-output>
        </test-method> <!-- setup -->
        <test-method status="FAIL" signature="personalOfferDetailsValidationTest(java.lang.String, java.lang.String, java.lang.String, java.lang.String, java.lang.String)[pri:1, instance:tech.credify.tests.web.PersonalOfferHomePageTest@59f99ea]" name="personalOfferDetailsValidationTest" duration-ms="10386" started-at="2019-08-26T16:55:32Z" data-provider="getTestData" finished-at="2019-08-26T16:55:43Z">
          <params>
            <param index="0">
              <value>
                <![CDATA[2,000]]>
              </value>
            </param>
            <param index="1">
              <value>
                <![CDATA[$67.74]]>
              </value>
            </param>
            <param index="2">
              <value>
                <![CDATA[13.36% Interest Rate]]>
              </value>
            </param>
            <param index="3">
              <value>
                <![CDATA[36 Month Term]]>
              </value>
            </param>
            <param index="4">
              <value>
                <![CDATA[16.99% APR (more info)]]>
              </value>
            </param>
          </params>
          <exception class="org.openqa.selenium.ElementClickInterceptedException">
            <message>
              <![CDATA[element click intercepted: Element <a class="header-nav-menu__link" href="/phone/logout">...</a> is not clickable at point (1385, 140). Other element would receive the click: <li class="header-nav-menu__item">...</li>
  (Session info: chrome=76.0.3809.100)
Build info: version: '3.141.59', revision: 'e82be7d358', time: '2018-11-14T08:17:03'
System info: host: 'Yans-MacBook-Pro.local', ip: 'fe80:0:0:0:45a:8839:f5b:46c4%en0', os.name: 'Mac OS X', os.arch: 'x86_64', os.version: '10.13.6', java.version: '1.8.0_171'
Driver info: org.openqa.selenium.chrome.ChromeDriver
Capabilities {acceptInsecureCerts: false, browserName: chrome, browserVersion: 76.0.3809.100, chrome: {chromedriverVersion: 76.0.3809.68 (420c9498db8ce..., userDataDir: /var/folders/x0/qr5fkvx56g7...}, goog:chromeOptions: {debuggerAddress: localhost:59715}, javascriptEnabled: true, networkConnectionEnabled: false, pageLoadStrategy: normal, platform: MAC, platformName: MAC, proxy: Proxy(), setWindowRect: true, strictFileInteractability: false, timeouts: {implicit: 0, pageLoad: 300000, script: 30000}, unhandledPromptBehavior: dismiss and notify}
Session ID: 97cf6536ad3c50e9753985283753dbec]]>
            </message>
            <full-stacktrace>
              <![CDATA[org.openqa.selenium.ElementClickInterceptedException: element click intercepted: Element <a class="header-nav-menu__link" href="/phone/logout">...</a> is not clickable at point (1385, 140). Other element would receive the click: <li class="header-nav-menu__item">...</li>
  (Session info: chrome=76.0.3809.100)
Build info: version: '3.141.59', revision: 'e82be7d358', time: '2018-11-14T08:17:03'
System info: host: 'Yans-MacBook-Pro.local', ip: 'fe80:0:0:0:45a:8839:f5b:46c4%en0', os.name: 'Mac OS X', os.arch: 'x86_64', os.version: '10.13.6', java.version: '1.8.0_171'
Driver info: org.openqa.selenium.chrome.ChromeDriver
Capabilities {acceptInsecureCerts: false, browserName: chrome, browserVersion: 76.0.3809.100, chrome: {chromedriverVersion: 76.0.3809.68 (420c9498db8ce..., userDataDir: /var/folders/x0/qr5fkvx56g7...}, goog:chromeOptions: {debuggerAddress: localhost:59715}, javascriptEnabled: true, networkConnectionEnabled: false, pageLoadStrategy: normal, platform: MAC, platformName: MAC, proxy: Proxy(), setWindowRect: true, strictFileInteractability: false, timeouts: {implicit: 0, pageLoad: 300000, script: 30000}, unhandledPromptBehavior: dismiss and notify}
Session ID: 97cf6536ad3c50e9753985283753dbec
at sun.reflect.NativeConstructorAccessorImpl.newInstance0(Native Method)
at sun.reflect.NativeConstructorAccessorImpl.newInstance(NativeConstructorAccessorImpl.java:62)
at sun.reflect.DelegatingConstructorAccessorImpl.newInstance(DelegatingConstructorAccessorImpl.java:45)
at java.lang.reflect.Constructor.newInstance(Constructor.java:423)
at org.openqa.selenium.remote.http.W3CHttpResponseCodec.createException(W3CHttpResponseCodec.java:187)
at org.openqa.selenium.remote.http.W3CHttpResponseCodec.decode(W3CHttpResponseCodec.java:122)
at org.openqa.selenium.remote.http.W3CHttpResponseCodec.decode(W3CHttpResponseCodec.java:49)
at org.openqa.selenium.remote.HttpCommandExecutor.execute(HttpCommandExecutor.java:158)
at org.openqa.selenium.remote.service.DriverCommandExecutor.execute(DriverCommandExecutor.java:83)
at org.openqa.selenium.remote.RemoteWebDriver.execute(RemoteWebDriver.java:552)
at org.openqa.selenium.remote.RemoteWebElement.execute(RemoteWebElement.java:285)
at org.openqa.selenium.remote.RemoteWebElement.click(RemoteWebElement.java:84)
at sun.reflect.NativeMethodAccessorImpl.invoke0(Native Method)
at sun.reflect.NativeMethodAccessorImpl.invoke(NativeMethodAccessorImpl.java:62)
at sun.reflect.DelegatingMethodAccessorImpl.invoke(DelegatingMethodAccessorImpl.java:43)
at java.lang.reflect.Method.invoke(Method.java:498)
at org.openqa.selenium.support.events.EventFiringWebDriver$EventFiringWebElement.lambda$new$0(EventFiringWebDriver.java:404)
at com.sun.proxy.$Proxy11.click(Unknown Source)
at org.openqa.selenium.support.events.EventFiringWebDriver$EventFiringWebElement.click(EventFiringWebDriver.java:417)
at sun.reflect.NativeMethodAccessorImpl.invoke0(Native Method)
at sun.reflect.NativeMethodAccessorImpl.invoke(NativeMethodAccessorImpl.java:62)
at sun.reflect.DelegatingMethodAccessorImpl.invoke(DelegatingMethodAccessorImpl.java:43)
at java.lang.reflect.Method.invoke(Method.java:498)
at org.openqa.selenium.support.pagefactory.internal.LocatingElementHandler.invoke(LocatingElementHandler.java:51)
at com.sun.proxy.$Proxy10.click(Unknown Source)
at tech.credify.pages.PersonalOfferHomePage.logout(PersonalOfferHomePage.java:73)
at tech.credify.tests.web.PersonalOfferHomePageTest.personalOfferDetailsValidationTest(PersonalOfferHomePageTest.java:60)
at sun.reflect.NativeMethodAccessorImpl.invoke0(Native Method)
at sun.reflect.NativeMethodAccessorImpl.invoke(NativeMethodAccessorImpl.java:62)
at sun.reflect.DelegatingMethodAccessorImpl.invoke(DelegatingMethodAccessorImpl.java:43)
at java.lang.reflect.Method.invoke(Method.java:498)
at org.testng.internal.MethodInvocationHelper.invokeMethod(MethodInvocationHelper.java:124)
at org.testng.internal.Invoker.invokeMethod(Invoker.java:583)
at org.testng.internal.Invoker.invokeTestMethod(Invoker.java:719)
at org.testng.internal.Invoker.invokeTestMethods(Invoker.java:989)
at org.testng.internal.TestMethodWorker.invokeTestMethods(TestMethodWorker.java:125)
at org.testng.internal.TestMethodWorker.run(TestMethodWorker.java:109)
at org.testng.TestRunner.privateRun(TestRunner.java:648)
at org.testng.TestRunner.run(TestRunner.java:505)
at org.testng.SuiteRunner.runTest(SuiteRunner.java:455)
at org.testng.SuiteRunner.runSequentially(SuiteRunner.java:450)
at org.testng.SuiteRunner.privateRun(SuiteRunner.java:415)
at org.testng.SuiteRunner.run(SuiteRunner.java:364)
at org.testng.SuiteRunnerWorker.runSuite(SuiteRunnerWorker.java:52)
at org.testng.SuiteRunnerWorker.run(SuiteRunnerWorker.java:84)
at org.testng.TestNG.runSuitesSequentially(TestNG.java:1208)
at org.testng.TestNG.runSuitesLocally(TestNG.java:1137)
at org.testng.TestNG.runSuites(TestNG.java:1049)
at org.testng.TestNG.run(TestNG.java:1017)
at org.apache.maven.surefire.testng.TestNGExecutor.run(TestNGExecutor.java:77)
at org.apache.maven.surefire.testng.TestNGDirectoryTestSuite.executeMulti(TestNGDirectoryTestSuite.java:159)
at org.apache.maven.surefire.testng.TestNGDirectoryTestSuite.execute(TestNGDirectoryTestSuite.java:99)
at org.apache.maven.surefire.testng.TestNGProvider.invoke(TestNGProvider.java:106)
at sun.reflect.NativeMethodAccessorImpl.invoke0(Native Method)
at sun.reflect.NativeMethodAccessorImpl.invoke(NativeMethodAccessorImpl.java:62)
at sun.reflect.DelegatingMethodAccessorImpl.invoke(DelegatingMethodAccessorImpl.java:43)
at java.lang.reflect.Method.invoke(Method.java:498)
at org.apache.maven.surefire.util.ReflectionUtils.invokeMethodWithArray(ReflectionUtils.java:189)
at org.apache.maven.surefire.booter.ProviderFactory$ProviderProxy.invoke(ProviderFactory.java:165)
at org.apache.maven.surefire.booter.ProviderFactory.invokeProvider(ProviderFactory.java:85)
at org.apache.maven.surefire.booter.ForkedBooter.runSuitesInProcess(ForkedBooter.java:115)
at org.apache.maven.surefire.booter.ForkedBooter.main(ForkedBooter.java:75)
]]>
            </full-stacktrace>
          </exception> <!-- org.openqa.selenium.ElementClickInterceptedException -->
          <reporter-output>
          </reporter-output>
        </test-method> <!-- personalOfferDetailsValidationTest -->
        <test-method status="PASS" signature="tearDown()[pri:0, instance:tech.credify.tests.web.PersonalOfferHomePageTest@59f99ea]" name="tearDown" is-config="true" duration-ms="213" started-at="2019-08-26T16:55:43Z" finished-at="2019-08-26T16:55:43Z">
          <reporter-output>
          </reporter-output>
        </test-method> <!-- tearDown -->
      </class> <!-- tech.credify.tests.web.PersonalOfferHomePageTest -->
      <class name="tech.credify.tests.web.AccountCreationPageTest">
        <test-method status="PASS" signature="setup()[pri:0, instance:tech.credify.tests.web.AccountCreationPageTest@27efef64]" name="setup" is-config="true" duration-ms="5948" started-at="2019-08-26T16:54:49Z" finished-at="2019-08-26T16:54:55Z">
          <reporter-output>
          </reporter-output>
        </test-method> <!-- setup -->
        <test-method status="PASS" signature="createAccountTest()[pri:0, instance:tech.credify.tests.web.AccountCreationPageTest@27efef64]" name="createAccountTest" duration-ms="13760" started-at="2019-08-26T16:54:55Z" finished-at="2019-08-26T16:55:09Z">
          <reporter-output>
          </reporter-output>
        </test-method> <!-- createAccountTest -->
        <test-method status="PASS" signature="tearDown()[pri:0, instance:tech.credify.tests.web.AccountCreationPageTest@27efef64]" name="tearDown" is-config="true" duration-ms="194" started-at="2019-08-26T16:55:09Z" finished-at="2019-08-26T16:55:09Z">
          <reporter-output>
          </reporter-output>
        </test-method> <!-- tearDown -->
      </class> <!-- tech.credify.tests.web.AccountCreationPageTest -->
    </test> <!-- Command line test -->
  </suite> <!-- Command line suite -->
</testng-results>
